Removed Pin From Net: NetName=NetC1_2 Pin=U2-1
Removed Pin From Net: NetName=NetC1_2 Pin=U2-2
Removed Pin From Net: NetName=NetC5_2 Pin=U2-3
Removed Pin From Net: NetName=GND Pin=U2-4
Removed Pin From Net: NetName=NetC1_2 Pin=U2-5
Removed Pin From Net: NetName=NetR7_2 Pin=U2-6
Removed Pin From Net: NetName=out1 Pin=U2-7
Removed Pin From Net: NetName=VCC Pin=U2-8
Removed Pin From Net: NetName=GND Pin=U2-9
Removed Member From Class: ClassName=electrode_module3.3 Member=U2
Added Component: Designator=U?(SOP65P490X110-8N)
Add component (AddParameter): Name = "Check_prices"; Value = "https://www.snapeda.com/parts/TLV9002IDGKR/Texas+Instruments/view-part/?ref=eda"; VariantName = "[No Variations]"
Add component (AddParameter): Name = "MF"; Value = "Texas Instruments"; VariantName = "[No Variations]"
Add component (AddParameter): Name = "MP"; Value = "TLV9002IDGKR"; VariantName = "[No Variations]"
Add component (AddParameter): Name = "Package"; Value = "VSSOP-8 Texas Instruments"; VariantName = "[No Variations]"
Add component (AddParameter): Name = "SnapEDA_Link"; Value = "https://www.snapeda.com/parts/TLV9002IDGKR/Texas+Instruments/view-part/?ref=snap"; VariantName = "[No Variations]"
Add component (AddParameter): Name = "Value"; Value = ""; VariantName = "[No Variations]"
Added Component: Designator=U?(SOP65P490X110-8N)
Add component (AddParameter): Name = "Check_prices"; Value = "https://www.snapeda.com/parts/TLV9002IDGKR/Texas+Instruments/view-part/?ref=eda"; VariantName = "[No Variations]"
Add component (AddParameter): Name = "MF"; Value = "Texas Instruments"; VariantName = "[No Variations]"
Add component (AddParameter): Name = "MP"; Value = "TLV9002IDGKR"; VariantName = "[No Variations]"
Add component (AddParameter): Name = "Package"; Value = "VSSOP-8 Texas Instruments"; VariantName = "[No Variations]"
Add component (AddParameter): Name = "SnapEDA_Link"; Value = "https://www.snapeda.com/parts/TLV9002IDGKR/Texas+Instruments/view-part/?ref=snap"; VariantName = "[No Variations]"
Add component (AddParameter): Name = "Value"; Value = ""; VariantName = "[No Variations]"
Added Pin To Net: NetName=NetC1_2 Pin=U?-2
Added Pin To Net: NetName=NetC5_2 Pin=U?-3
Added Pin To Net: NetName=GND Pin=U?-4
Added Pin To Net: NetName=NetR7_2 Pin=U?-6
Added Pin To Net: NetName=out1 Pin=U?-7
Added Pin To Net: NetName=VCC Pin=U?-8
Added Pin To Net: NetName=NetU?_1 Pin=U?-1
Added Pin To Net: NetName=NetU?_1 Pin=U?-5
Added Net: Name=NetU?_1
Added Member To Class: ClassName=electrode_module3.3 Member=Component U? TLV9002IDGKR
Added Member To Class: ClassName=electrode_module3.3 Member=Component U? TLV9002IDGKR
