Importer Log Report
Document: C:\Users\Keena\Downloads\electrode_module3.3.kicad_sch
    Section : Loading Schematic - C:\Users\Keena\Downloads\electrode_module3.3.kicad_sch
        Warning: Unknown child 'bus_entry' of 'kicad_sch'.
        Warning: Unknown child 'bus_entry' of 'kicad_sch'.
        Warning: Unknown child 'bus_entry' of 'kicad_sch'.
        Warning: Unknown child 'bus_entry' of 'kicad_sch'.
        Warning: Unknown child 'bus_entry' of 'kicad_sch'.
        Warning: Unknown child 'bus_entry' of 'kicad_sch'.
        Warning: Unknown child 'bus_entry' of 'kicad_sch'.
        Warning: Unknown child 'bus_entry' of 'kicad_sch'.
        Warning: Unknown child 'bus_entry' of 'kicad_sch'.
        Warning: Unknown child 'bus_entry' of 'kicad_sch'.
        Warning: Unknown child 'bus_entry' of 'kicad_sch'.
        Warning: Unknown child 'bus_entry' of 'kicad_sch'.
        Warning: Unknown child 'bus_entry' of 'kicad_sch'.
        Warning: Unknown child 'bus_entry' of 'kicad_sch'.
        Warning: Unknown child 'bus_entry' of 'kicad_sch'.
        Warning: Unknown child 'bus_entry' of 'kicad_sch'.
        Warning: Unknown child 'bus_entry' of 'kicad_sch'.
        Warning: Unknown child 'bus_entry' of 'kicad_sch'.
        Warning: Unknown child 'bus_entry' of 'kicad_sch'.
        Warning: Unknown child 'bus_entry' of 'kicad_sch'.
        Warning: Unknown child 'bus_entry' of 'kicad_sch'.
        Warning: Unknown child 'bus_entry' of 'kicad_sch'.
        Warning: Unknown child 'bus_entry' of 'kicad_sch'.
        Warning: Unknown child 'bus_entry' of 'kicad_sch'.
    EndSection
    Section : Loading Schematic - C:\Users\Keena\Downloads\electrode_module3.3.kicad_sch
        Warning: Unknown child 'bus_entry' of 'kicad_sch'.
        Warning: Unknown child 'bus_entry' of 'kicad_sch'.
        Warning: Unknown child 'bus_entry' of 'kicad_sch'.
        Warning: Unknown child 'bus_entry' of 'kicad_sch'.
        Warning: Unknown child 'bus_entry' of 'kicad_sch'.
        Warning: Unknown child 'bus_entry' of 'kicad_sch'.
        Warning: Unknown child 'bus_entry' of 'kicad_sch'.
        Warning: Unknown child 'bus_entry' of 'kicad_sch'.
        Warning: Unknown child 'bus_entry' of 'kicad_sch'.
        Warning: Unknown child 'bus_entry' of 'kicad_sch'.
        Warning: Unknown child 'bus_entry' of 'kicad_sch'.
        Warning: Unknown child 'bus_entry' of 'kicad_sch'.
        Warning: Unknown child 'bus_entry' of 'kicad_sch'.
        Warning: Unknown child 'bus_entry' of 'kicad_sch'.
        Warning: Unknown child 'bus_entry' of 'kicad_sch'.
        Warning: Unknown child 'bus_entry' of 'kicad_sch'.
        Warning: Unknown child 'bus_entry' of 'kicad_sch'.
        Warning: Unknown child 'bus_entry' of 'kicad_sch'.
        Warning: Unknown child 'bus_entry' of 'kicad_sch'.
        Warning: Unknown child 'bus_entry' of 'kicad_sch'.
        Warning: Unknown child 'bus_entry' of 'kicad_sch'.
        Warning: Unknown child 'bus_entry' of 'kicad_sch'.
        Warning: Unknown child 'bus_entry' of 'kicad_sch'.
        Warning: Unknown child 'bus_entry' of 'kicad_sch'.
    EndSection
