Removed Pin From Net: NetName=GND Pin=C3-1
Removed Pin From Net: NetName=3.7V Pin=C3-2
Removed Pin From Net: NetName=GND Pin=C4-1
Removed Pin From Net: NetName=GND Pin=C5-1
Removed Pin From Net: NetName=1.6V Pin=C5-2
Removed Pin From Net: NetName=GND Pin=U2-1
Removed Pin From Net: NetName=Enable Pin=U2-3
Removed Pin From Net: NetName=3.7V Pin=U2-4
Removed Pin From Net: NetName=1.6V Pin=U2-6
Removed Member From Class: ClassName=Sheet1 Member=C3
Removed Member From Class: ClassName=Sheet1 Member=C4
Removed Member From Class: ClassName=Sheet1 Member=C5
Change Component Footprint: Designator=U2 Old Footprint=FP-DBV0006A-IPC_A New Footprint=DBZ0003A_L
Change Component Comment : Designator=U2 Old Comment=REF35160QDBVR New Comment=LM4041D12IDBZR
Change Managed Component Library Link : Designator=U2 Old VaultGUID=B7D15EC3-160A-466F-A46C-7801FE6295A7 New VaultGUID=B7D15EC3-160A-466F-A46C-7801FE6295A7 Old ItemGUID=3992375A-DDCE-48E2-BF6B-991138F28510 New ItemGUID=685EEA5F-2940-46DF-A141-432E91B9D511 Old RevisionGUID=7B98E595-6A84-4A5C-AFDA-EB5E5838794C New RevisionGUID=38F8B187-DF41-403D-BD40-D773D04A3045
Change component parameters: Designator = "U2" ("U2"); Footprint = "FP-DBV0006A-IPC_A"; UniqueID = "\PAIJGZXQ" ("\PAIJGZXQ")
Change component parameters (AddParameter): Name = "Code_JEDEC"; Value = "TO-236"; VariantName = "[No Variations]"
Change component parameters (AddParameter): Name = "ComponentLink1Description"; Value = "Manufacturer URL"; VariantName = "[No Variations]"
Change component parameters (AddParameter): Name = "ComponentLink1URL"; Value = "http://www.ti.com/"; VariantName = "[No Variations]"
Change component parameters (AddParameter): Name = "ComponentLink2Description"; Value = "Datasheet"; VariantName = "[No Variations]"
Change component parameters (AddParameter): Name = "ComponentLink2URL"; Value = "http://www.ti.com/general/docs/lit/getliterature.tsp?genericPartNumber=LM4041D12&fileType=pdf"; VariantName = "[No Variations]"
Change component parameters (AddParameter): Name = "ComponentLink3Description"; Value = "Package Specification"; VariantName = "[No Variations]"
Change component parameters (AddParameter): Name = "ComponentLink3URL"; Value = "http://www.ti.com/litv/pdf/mpds108a"; VariantName = "[No Variations]"
Change component parameters (AddParameter): Name = "DatasheetVersion"; Value = "SLCS146E"; VariantName = "[No Variations]"
Change component parameters (AddParameter): Name = "Eco-Plan"; Value = "Green (RoHS & no Sb/Br)"; VariantName = "[No Variations]"
Change component parameters (AddParameter): Name = "Initial Accuracy @ 25/deg C(%)"; Value = "1"; VariantName = "[No Variations]"
Change component parameters (AddParameter): Name = "Iout/Iz(Max)(mA)"; Value = "12"; VariantName = "[No Variations]"
Change component parameters (AddParameter): Name = "Manufacturer"; Value = "Texas Instruments"; VariantName = "[No Variations]"
Change component parameters (AddParameter): Name = "Min Iz for Regulation(uA)"; Value = "60"; VariantName = "[No Variations]"
Change component parameters (AddParameter): Name = "Mounting Technology"; Value = "Surface Mount"; VariantName = "[No Variations]"
Change component parameters (AddParameter): Name = "PackageDescription"; Value = "3-Pin Plastic Small Outline, Body 2.92 x 1.3 mm, Pitch 0.95 mm"; VariantName = "[No Variations]"
Change component parameters (AddParameter): Name = "PackageReference"; Value = "DBZ0003A"; VariantName = "[No Variations]"
Change component parameters (AddParameter): Name = "PackageVersion"; Value = "4203227/B"; VariantName = "[No Variations]"
Change component parameters (AddParameter): Name = "PartNumber"; Value = "LM4041D12IDBZR"; VariantName = "[No Variations]"
Change component parameters (AddParameter): Name = "Rating"; Value = "Catalog"; VariantName = "[No Variations]"
Change component parameters (AddParameter): Name = "SubFamily"; Value = "Shunt Voltage Reference"; VariantName = "[No Variations]"
Change component parameters (AddParameter): Name = "Temp Coeff(Max)(ppm/ degree C)"; Value = "150"; VariantName = "[No Variations]"
Change component parameters (AddParameter): Name = "Temp Coeff(Typ)(ppm/ degree C)"; Value = "15"; VariantName = "[No Variations]"
Change component parameters (AddParameter): Name = "VO(V)"; Value = "1.225"; VariantName = "[No Variations]"
Added Component: Designator=R3(RESC3216X60X45ML10T20)
Add component (AddParameter): Name = "Manufacturer"; Value = "Vishay Dale"; VariantName = "[No Variations]"
Add component (AddParameter): Name = "Part Number"; Value = "CRCW1206220RFKEA"; VariantName = "[No Variations]"
Added Component: Designator=R4(RESC3216X60X45LL10T20)
Add component (AddParameter): Name = "Manufacturer"; Value = "Vishay Dale"; VariantName = "[No Variations]"
Add component (AddParameter): Name = "Part Number"; Value = "CRCW120615K0FKEA"; VariantName = "[No Variations]"
Added Component: Designator=R5(RESC1206(3216)_N)
Add component (AddParameter): Name = "Case-EIA"; Value = "1206"; VariantName = "[No Variations]"
Add component (AddParameter): Name = "Case-Metric"; Value = "3216"; VariantName = "[No Variations]"
Add component (AddParameter): Name = "Power"; Value = "0.25 W"; VariantName = "[No Variations]"
Add component (AddParameter): Name = "Technology"; Value = "SMT"; VariantName = "[No Variations]"
Add component (AddParameter): Name = "Tolerance"; Value = "5 %"; VariantName = "[No Variations]"
Add component (AddParameter): Name = "Value"; Value = "43000.00 Ohm"; VariantName = "[No Variations]"
Added Pin To Net: NetName=3.7V Pin=R3-1
Added Pin To Net: NetName=1.6V Pin=R3-2
Added Pin To Net: NetName=GND Pin=R4-1
Added Pin To Net: NetName=1.6V Pin=R5-2
Added Pin To Net: NetName=1.6V Pin=U2-1
Change Net Name : Old Net Name=1.6V New Net Name=1.65V
Change Net Color : Old Net Color=Red New Net Color=Black
Change Net Color : Old Net Color=Red New Net Color=Black
Change Net Color : Old Net Color=Red New Net Color=Black
Added Pin To Net: NetName=NetR4_2 Pin=R4-2
Added Pin To Net: NetName=NetR4_2 Pin=R5-1
Added Pin To Net: NetName=NetR4_2 Pin=U2-3
Added Net: Name=NetR4_2
Added Member To Class: ClassName=Sheet1 Member=Component R3 220
Added Member To Class: ClassName=Sheet1 Member=Component R4 15k
Added Member To Class: ClassName=Sheet1 Member=Component R5 43k
Added Rule: Name=Schematic Supply Nets_2
